
--- Starting AI Brain Training ---
Weights map updated (Avg: 1.089)
Weights map updated (Avg: 0.800)
Output Thresholds: ['0.113', '0.113']
Stats: T:3.30s | W_avg:0.800 | Acc A: 50%, B: 50% | Assisted: NO
Weights map updated (Avg: 1.102)
Weights map updated (Avg: 0.800)
Output Thresholds: ['0.185', '0.185']
Stats: T:6.90s | W_avg:0.800 | Acc A: 45%, B: 50% | Assisted: NO
Weights map updated (Avg: 1.200)
Weights map updated (Avg: 0.800)
Output Thresholds: ['0.245', '0.245']
Stats: T:9.90s | W_avg:0.800 | Acc A: 50%, B: 55% | Assisted: NO
Weights map updated (Avg: 1.200)
Weights map updated (Avg: 0.800)
Output Thresholds: ['0.305', '0.305']
Stats: T:12.90s | W_avg:0.800 | Acc A: 70%, B: 50% | Assisted: NO
Weights map updated (Avg: 1.200)
Weights map updated (Avg: 0.800)
Output Thresholds: ['0.381', '0.381']
Stats: T:16.65s | W_avg:0.800 | Acc A: 60%, B: 55% | Assisted: NO
Weights map updated (Avg: 1.200)
Weights map updated (Avg: 0.800)
Output Thresholds: ['0.441', '0.441']
Stats: T:19.65s | W_avg:0.800 | Acc A: 60%, B: 65% | Assisted: NO
Weights map updated (Avg: 1.005)
Weights map updated (Avg: 0.800)
Output Thresholds: ['0.509', '0.509']
Stats: T:23.10s | W_avg:0.800 | Acc A: 60%, B: 45% | Assisted: NO
Weights map updated (Avg: 0.923)
Weights map updated (Avg: 0.800)
Output Thresholds: ['0.591', '0.591']
Stats: T:27.15s | W_avg:0.800 | Acc A: 30%, B: 50% | Assisted: NO
Weights map updated (Avg: 1.200)
Weights map updated (Avg: 0.800)
Output Thresholds: ['0.653', '0.653']
Stats: T:30.30s | W_avg:0.800 | Acc A: 55%, B: 45% | Assisted: NO
Weights map updated (Avg: 1.107)
Weights map updated (Avg: 0.800)
Output Thresholds: ['0.735', '0.735']
Stats: T:34.35s | W_avg:0.800 | Acc A: 45%, B: 45% | Assisted: NO
Weights map updated (Avg: 1.200)
Weights map updated (Avg: 0.800)
Output Thresholds: ['0.791', '0.306']
Stats: T:37.65s | W_avg:0.800 | Acc A: 15%, B: 70% | Assisted: YES
Weights map updated (Avg: 1.200)
Weights map updated (Avg: 0.800)
Output Thresholds: ['0.841', '0.306']
Stats: T:40.65s | W_avg:0.800 | Acc A: 35%, B: 70% | Assisted: NO
Weights map updated (Avg: 1.104)
Weights map updated (Avg: 0.800)
Output Thresholds: ['0.901', '0.306']
Stats: T:43.65s | W_avg:0.800 | Acc A: 35%, B: 75% | Assisted: NO
Weights map updated (Avg: 1.102)
Weights map updated (Avg: 0.800)
Output Thresholds: ['0.956', '0.306']
Stats: T:46.65s | W_avg:0.800 | Acc A: 20%, B: 90% | Assisted: YES
Weights map updated (Avg: 1.200)
Weights map updated (Avg: 0.800)
Output Thresholds: ['0.971', '0.306']
Stats: T:49.65s | W_avg:0.800 | Acc A: 10%, B: 95% | Assisted: YES
Weights map updated (Avg: 1.104)
Weights map updated (Avg: 0.800)
Output Thresholds: ['0.981', '0.306']
Stats: T:52.65s | W_avg:0.800 | Acc A: 5%, B: 90% | Assisted: YES
Weights map updated (Avg: 1.200)
Weights map updated (Avg: 0.800)
Output Thresholds: ['0.991', '0.306']
Stats: T:55.65s | W_avg:0.800 | Acc A: 0%, B: 90% | Assisted: YES
Weights map updated (Avg: 1.200)
Weights map updated (Avg: 0.800)
Output Thresholds: ['1.001', '0.306']
Stats: T:58.65s | W_avg:0.800 | Acc A: 5%, B: 95% | Assisted: YES
Weights map updated (Avg: 1.103)
Weights map updated (Avg: 0.800)
Output Thresholds: ['1.011', '0.306']
Stats: T:61.65s | W_avg:0.800 | Acc A: 5%, B: 100% | Assisted: YES
Weights map updated (Avg: 1.200)
Weights map updated (Avg: 0.800)
Output Thresholds: ['1.021', '0.306']
Stats: T:64.65s | W_avg:0.800 | Acc A: 5%, B: 100% | Assisted: YES
Weights map updated (Avg: 1.200)
Weights map updated (Avg: 0.800)
Output Thresholds: ['1.031', '0.306']
Stats: T:67.65s | W_avg:0.800 | Acc A: 5%, B: 100% | Assisted: YES
Weights map updated (Avg: 1.200)
Weights map updated (Avg: 0.800)
Output Thresholds: ['1.041', '0.306']
Stats: T:70.65s | W_avg:0.800 | Acc A: 0%, B: 100% | Assisted: YES
Weights map updated (Avg: 1.104)
Weights map updated (Avg: 0.800)
Output Thresholds: ['1.051', '0.306']
Stats: T:73.65s | W_avg:0.800 | Acc A: 0%, B: 100% | Assisted: YES
Weights map updated (Avg: 1.104)
Weights map updated (Avg: 0.800)
Output Thresholds: ['1.061', '0.306']
Stats: T:76.65s | W_avg:0.800 | Acc A: 0%, B: 100% | Assisted: YES
Weights map updated (Avg: 1.104)
Weights map updated (Avg: 0.800)
Output Thresholds: ['1.071', '0.306']
Stats: T:79.65s | W_avg:0.800 | Acc A: 0%, B: 100% | Assisted: YES
Weights map updated (Avg: 1.200)
Weights map updated (Avg: 0.800)
Output Thresholds: ['1.081', '0.306']
Stats: T:82.65s | W_avg:0.800 | Acc A: 0%, B: 100% | Assisted: YES
Weights map updated (Avg: 1.200)
Weights map updated (Avg: 0.800)
Output Thresholds: ['1.091', '0.306']
Stats: T:85.65s | W_avg:0.800 | Acc A: 0%, B: 100% | Assisted: YES
Weights map updated (Avg: 1.007)
Weights map updated (Avg: 0.800)
Output Thresholds: ['1.101', '0.306']
Stats: T:88.65s | W_avg:0.800 | Acc A: 0%, B: 95% | Assisted: YES
Weights map updated (Avg: 1.103)
Weights map updated (Avg: 0.800)
Output Thresholds: ['1.111', '0.306']
Stats: T:91.65s | W_avg:0.800 | Acc A: 0%, B: 95% | Assisted: YES
Weights map updated (Avg: 1.105)
Weights map updated (Avg: 0.800)
Output Thresholds: ['1.121', '0.306']
Stats: T:94.65s | W_avg:0.800 | Acc A: 0%, B: 95% | Assisted: YES
Weights map updated (Avg: 1.200)
Weights map updated (Avg: 0.800)
Output Thresholds: ['1.131', '0.306']
Stats: T:97.65s | W_avg:0.800 | Acc A: 0%, B: 95% | Assisted: YES
Weights map updated (Avg: 1.103)
Weights map updated (Avg: 0.800)
Output Thresholds: ['1.141', '0.306']
Stats: T:100.65s | W_avg:0.800 | Acc A: 0%, B: 100% | Assisted: YES
Weights map updated (Avg: 1.200)
Weights map updated (Avg: 0.800)
Output Thresholds: ['1.151', '0.306']
Stats: T:103.65s | W_avg:0.800 | Acc A: 0%, B: 95% | Assisted: YES
Weights map updated (Avg: 1.200)
Weights map updated (Avg: 0.800)
Output Thresholds: ['1.161', '0.306']
Stats: T:106.65s | W_avg:0.800 | Acc A: 0%, B: 95% | Assisted: YES
Weights map updated (Avg: 1.200)
Weights map updated (Avg: 0.800)
Output Thresholds: ['1.171', '0.306']
Stats: T:109.65s | W_avg:0.800 | Acc A: 0%, B: 100% | Assisted: YES
Weights map updated (Avg: 1.200)
Weights map updated (Avg: 0.800)
Output Thresholds: ['1.181', '0.306']
Stats: T:112.65s | W_avg:0.800 | Acc A: 0%, B: 100% | Assisted: YES
Weights map updated (Avg: 1.105)
Weights map updated (Avg: 0.800)
Output Thresholds: ['1.191', '0.306']
Stats: T:115.65s | W_avg:0.800 | Acc A: 5%, B: 100% | Assisted: YES
Weights map updated (Avg: 1.101)
Weights map updated (Avg: 0.800)
Output Thresholds: ['1.201', '0.306']
Stats: T:118.65s | W_avg:0.800 | Acc A: 10%, B: 100% | Assisted: YES
Weights map updated (Avg: 1.200)
Weights map updated (Avg: 0.800)
Output Thresholds: ['1.211', '0.306']
Stats: T:121.65s | W_avg:0.800 | Acc A: 5%, B: 100% | Assisted: YES
Weights map updated (Avg: 1.200)
Weights map updated (Avg: 0.800)
Output Thresholds: ['1.221', '0.306']
Stats: T:124.65s | W_avg:0.800 | Acc A: 0%, B: 100% | Assisted: YES
Weights map updated (Avg: 1.104)
Weights map updated (Avg: 0.800)
Output Thresholds: ['1.231', '0.306']
Stats: T:127.65s | W_avg:0.800 | Acc A: 0%, B: 100% | Assisted: YES
Weights map updated (Avg: 1.200)
Weights map updated (Avg: 0.800)
Output Thresholds: ['1.241', '0.306']
Stats: T:130.65s | W_avg:0.800 | Acc A: 0%, B: 100% | Assisted: YES
Weights map updated (Avg: 1.200)
Weights map updated (Avg: 0.800)
Output Thresholds: ['1.251', '0.306']
Stats: T:133.65s | W_avg:0.800 | Acc A: 0%, B: 100% | Assisted: YES
Weights map updated (Avg: 1.104)
Weights map updated (Avg: 0.800)
Output Thresholds: ['1.261', '0.306']
Stats: T:136.65s | W_avg:0.800 | Acc A: 0%, B: 100% | Assisted: YES
Weights map updated (Avg: 1.200)
Weights map updated (Avg: 0.800)
Output Thresholds: ['1.271', '0.306']
Stats: T:139.65s | W_avg:0.800 | Acc A: 0%, B: 100% | Assisted: YES
Weights map updated (Avg: 1.200)
Weights map updated (Avg: 0.800)
Output Thresholds: ['1.281', '0.306']
Stats: T:142.65s | W_avg:0.800 | Acc A: 0%, B: 100% | Assisted: YES
Weights map updated (Avg: 1.104)
Weights map updated (Avg: 0.800)
Output Thresholds: ['1.291', '0.306']
Stats: T:145.65s | W_avg:0.800 | Acc A: 0%, B: 100% | Assisted: YES
Weights map updated (Avg: 1.200)
Weights map updated (Avg: 0.800)
Output Thresholds: ['1.301', '0.306']
Stats: T:148.65s | W_avg:0.800 | Acc A: 0%, B: 100% | Assisted: YES
Weights map updated (Avg: 1.200)
Weights map updated (Avg: 0.800)
Output Thresholds: ['1.311', '0.306']
Stats: T:151.65s | W_avg:0.800 | Acc A: 0%, B: 100% | Assisted: YES
Weights map updated (Avg: 1.200)
Weights map updated (Avg: 0.800)
Output Thresholds: ['1.321', '0.306']
Stats: T:154.65s | W_avg:0.800 | Acc A: 0%, B: 100% | Assisted: YES
Weights map updated (Avg: 1.104)
Weights map updated (Avg: 0.800)
Output Thresholds: ['1.331', '0.306']
Stats: T:157.65s | W_avg:0.800 | Acc A: 0%, B: 100% | Assisted: YES
Weights map updated (Avg: 1.103)
Weights map updated (Avg: 0.800)
Output Thresholds: ['1.341', '0.306']
Stats: T:160.65s | W_avg:0.800 | Acc A: 0%, B: 100% | Assisted: YES
Weights map updated (Avg: 1.200)
Weights map updated (Avg: 0.800)
Output Thresholds: ['1.351', '0.306']
Stats: T:163.65s | W_avg:0.800 | Acc A: 0%, B: 100% | Assisted: YES
Weights map updated (Avg: 1.104)
Weights map updated (Avg: 0.800)
Output Thresholds: ['1.361', '0.306']
Stats: T:166.65s | W_avg:0.800 | Acc A: 0%, B: 100% | Assisted: YES
